This is pdfTeX, Version 3.14159265-2.6-1.40.16 (TeX Live 2015) (preloaded format=pdflatex 2016.3.16)  1 AUG 2017 16:53
entering extended mode
 restricted \write18 enabled.
 %&-line parsing enabled.
**\nonstopmode\input psb.tex
(./psb.tex (./ws-procs11x85.cls
(/usr/local/texlive/2015/texmf-dist/tex/latex/amsfonts/amsfonts.sty
Package: amsfonts 2013/01/14 v3.01 Basic AMSFonts support
\@emptytoks=\toks14
\symAMSa=\mathgroup4
\symAMSb=\mathgroup5
LaTeX Font Info:    Overwriting math alphabet `\mathfrak' in version `bold'
(Font)                  U/euf/m/n --> U/euf/b/n on input line 106.
)
(/usr/local/texlive/2015/texmf-dist/tex/latex/amsfonts/amssymb.sty
Package: amssymb 2013/01/14 v3.01 AMS font symbols
)
(/usr/local/texlive/2015/texmf-dist/tex/latex/amsmath/amsmath.sty
Package: amsmath 2016/03/03 v2.15a AMS math features
\@mathmargin=\skip41

For additional information on amsmath, use the `?' option.
(/usr/local/texlive/2015/texmf-dist/tex/latex/amsmath/amstext.sty
Package: amstext 2000/06/29 v2.01 AMS text

(/usr/local/texlive/2015/texmf-dist/tex/latex/amsmath/amsgen.sty
File: amsgen.sty 1999/11/30 v2.0 generic functions
\@emptytoks=\toks15
\ex@=\dimen102
))
(/usr/local/texlive/2015/texmf-dist/tex/latex/amsmath/amsbsy.sty
Package: amsbsy 1999/11/29 v1.2d Bold Symbols
\pmbraise@=\dimen103
)
(/usr/local/texlive/2015/texmf-dist/tex/latex/amsmath/amsopn.sty
Package: amsopn 1999/12/14 v2.01 operator names
)
\inf@bad=\count79
LaTeX Info: Redefining \frac on input line 199.
\uproot@=\count80
\leftroot@=\count81
LaTeX Info: Redefining \overline on input line 297.
\classnum@=\count82
\DOTSCASE@=\count83
LaTeX Info: Redefining \ldots on input line 394.
LaTeX Info: Redefining \dots on input line 397.
LaTeX Info: Redefining \cdots on input line 518.
\Mathstrutbox@=\box26
\strutbox@=\box27
\big@size=\dimen104
LaTeX Font Info:    Redeclaring font encoding OML on input line 630.
LaTeX Font Info:    Redeclaring font encoding OMS on input line 631.
\macc@depth=\count84
\c@MaxMatrixCols=\count85
\dotsspace@=\muskip10
\c@parentequation=\count86
\dspbrk@lvl=\count87
\tag@help=\toks16
\row@=\count88
\column@=\count89
\maxfields@=\count90
\andhelp@=\toks17
\eqnshift@=\dimen105
\alignsep@=\dimen106
\tagshift@=\dimen107
\tagwidth@=\dimen108
\totwidth@=\dimen109
\lineht@=\dimen110
\@envbody=\toks18
\multlinegap=\skip42
\multlinetaggap=\skip43
\mathdisplay@stack=\toks19
LaTeX Info: Redefining \[ on input line 2735.
LaTeX Info: Redefining \] on input line 2736.
)
Document Class: ws-procs11x85 2000/12/15 v1.2u Standard LaTeX document class
\wsdraftrule=\dimen111
\minute=\count91
\hour=\count92
\trimheight=\dimen112
\trimwidth=\dimen113
\typeheight=\dimen114
\typewidth=\dimen115
\tempdimen=\dimen116
\tablewidth=\dimen117
\normaltextheight=\dimen118
\tempbox=\box28
\tablewd=\dimen119
\c@part=\count93
\c@ptitl=\count94
\@tempcntc=\count95
\c@section=\count96
\c@subsection=\count97
\c@subsubsection=\count98
\c@paragraph=\count99
\c@subparagraph=\count100
\abovecaptionskip=\skip44
\belowcaptionskip=\skip45
\captionbox=\box29
\c@figure=\count101
\c@table=\count102
\bibindent=\dimen120
\c@appendixc=\count103
\c@subappendixc=\count104
\c@subsubappendixc=\count105
(./ws-rotating.sty
Package: ws-rotating 1997/09/26, v2.13 Rotation package

(/usr/local/texlive/2015/texmf-dist/tex/latex/graphics/graphicx.sty
Package: graphicx 2014/10/28 v1.0g Enhanced LaTeX Graphics (DPC,SPQR)

(/usr/local/texlive/2015/texmf-dist/tex/latex/graphics/keyval.sty
Package: keyval 2014/10/28 v1.15 key=value parser (DPC)
\KV@toks@=\toks20
)
(/usr/local/texlive/2015/texmf-dist/tex/latex/graphics/graphics.sty
Package: graphics 2016/01/03 v1.0q Standard LaTeX Graphics (DPC,SPQR)

(/usr/local/texlive/2015/texmf-dist/tex/latex/graphics/trig.sty
Package: trig 2016/01/03 v1.10 sin cos tan (DPC)
)
(/usr/local/texlive/2015/texmf-dist/tex/latex/latexconfig/graphics.cfg
File: graphics.cfg 2010/04/23 v1.9 graphics configuration of TeX Live
)
Package graphics Info: Driver file: pdftex.def on input line 95.

(/usr/local/texlive/2015/texmf-dist/tex/latex/pdftex-def/pdftex.def
File: pdftex.def 2011/05/27 v0.06d Graphics/color for pdfTeX

(/usr/local/texlive/2015/texmf-dist/tex/generic/oberdiek/infwarerr.sty
Package: infwarerr 2010/04/08 v1.3 Providing info/warning/error messages (HO)
)
(/usr/local/texlive/2015/texmf-dist/tex/generic/oberdiek/ltxcmds.sty
Package: ltxcmds 2011/11/09 v1.22 LaTeX kernel commands for general use (HO)
)
\Gread@gobject=\count106
))
\Gin@req@height=\dimen121
\Gin@req@width=\dimen122
)
(/usr/local/texlive/2015/texmf-dist/tex/latex/base/ifthen.sty
Package: ifthen 2014/09/29 v1.1c Standard LaTeX ifthen package (DPC)
)
\c@r@tfl@t=\count107
\rot@float@box=\box30
)
(/usr/local/texlive/2015/texmf-dist/tex/latex/tools/dcolumn.sty
Package: dcolumn 2014/10/28 v1.06 decimal alignment package (DPC)

(/usr/local/texlive/2015/texmf-dist/tex/latex/tools/array.sty
Package: array 2014/10/28 v2.4c Tabular extension package (FMi)
\col@sep=\dimen123
\extrarowheight=\dimen124
\NC@list=\toks21
\extratabsurround=\skip46
\backup@length=\skip47
))
(/usr/local/texlive/2015/texmf-dist/tex/latex/url/url.sty
\Urlmuskip=\muskip11
Package: url 2013/09/16  ver 3.4  Verb mode for urls, etc.
)
(/usr/local/texlive/2015/texmf-dist/tex/latex/cite/chapterbib.sty
\c@inputfile=\count108
Package: chapterbib 2010/09/18  v 1.17
)
(/usr/local/texlive/2015/texmf-dist/tex/latex/cite/cite.sty
LaTeX Info: Redefining \cite on input line 302.
LaTeX Info: Redefining \nocite on input line 332.
Package: cite 2015/02/27  v 5.5
LaTeX Info: Redefining \cite on input line 441.
))
(./ws-procs-thm.sty
Package: ws-procs-thm 2014/01/20 WSPC Theorem Style
\c@theorem=\count109
\c@algorithm=\count110
\c@assertion=\count111
\c@assumption=\count112
\c@claim=\count113
\c@conjecture=\count114
\c@convention=\count115
\c@corollary=\count116
\c@criterion=\count117
\c@definition=\count118
\c@example=\count119
\c@lemma=\count120
\c@notation=\count121
\c@observation=\count122
\c@problem=\count123
\c@prop=\count124
\c@proposition=\count125
\c@question=\count126
\c@remark=\count127
) (./psb.aux)
\openout1 = `psb.aux'.

LaTeX Font Info:    Checking defaults for OML/cmm/m/it on input line 7.
LaTeX Font Info:    ... okay on input line 7.
LaTeX Font Info:    Checking defaults for T1/cmr/m/n on input line 7.
LaTeX Font Info:    ... okay on input line 7.
LaTeX Font Info:    Checking defaults for OT1/cmr/m/n on input line 7.
LaTeX Font Info:    ... okay on input line 7.
LaTeX Font Info:    Checking defaults for OMS/cmsy/m/n on input line 7.
LaTeX Font Info:    ... okay on input line 7.
LaTeX Font Info:    Checking defaults for OMX/cmex/m/n on input line 7.
LaTeX Font Info:    ... okay on input line 7.
LaTeX Font Info:    Checking defaults for U/cmr/m/n on input line 7.
LaTeX Font Info:    ... okay on input line 7.

(/usr/local/texlive/2015/texmf-dist/tex/context/base/supp-pdf.mkii
[Loading MPS to PDF converter (version 2006.09.02).]
\scratchcounter=\count128
\scratchdimen=\dimen125
\scratchbox=\box31
\nofMPsegments=\count129
\nofMParguments=\count130
\everyMPshowfont=\toks22
\MPscratchCnt=\count131
\MPscratchDim=\dimen126
\MPnumerator=\count132
\makeMPintoPDFobject=\count133
\everyMPtoPDFconversion=\toks23
) (/usr/local/texlive/2015/texmf-dist/tex/generic/oberdiek/pdftexcmds.sty
Package: pdftexcmds 2011/11/29 v0.20 Utility functions of pdfTeX for LuaTeX (HO
)

(/usr/local/texlive/2015/texmf-dist/tex/generic/oberdiek/ifluatex.sty
Package: ifluatex 2010/03/01 v1.3 Provides the ifluatex switch (HO)
Package ifluatex Info: LuaTeX not detected.
)
(/usr/local/texlive/2015/texmf-dist/tex/generic/oberdiek/ifpdf.sty
Package: ifpdf 2011/01/30 v2.3 Provides the ifpdf switch (HO)
Package ifpdf Info: pdfTeX in PDF mode is detected.
)
Package pdftexcmds Info: LuaTeX not detected.
Package pdftexcmds Info: \pdf@primitive is available.
Package pdftexcmds Info: \pdf@ifprimitive is available.
Package pdftexcmds Info: \pdfdraftmode found.
)
(/usr/local/texlive/2015/texmf-dist/tex/latex/oberdiek/epstopdf-base.sty
Package: epstopdf-base 2010/02/09 v2.5 Base part for package epstopdf

(/usr/local/texlive/2015/texmf-dist/tex/latex/oberdiek/grfext.sty
Package: grfext 2010/08/19 v1.1 Manage graphics extensions (HO)

(/usr/local/texlive/2015/texmf-dist/tex/generic/oberdiek/kvdefinekeys.sty
Package: kvdefinekeys 2011/04/07 v1.3 Define keys (HO)
))
(/usr/local/texlive/2015/texmf-dist/tex/latex/oberdiek/kvoptions.sty
Package: kvoptions 2011/06/30 v3.11 Key value format for package options (HO)

(/usr/local/texlive/2015/texmf-dist/tex/generic/oberdiek/kvsetkeys.sty
Package: kvsetkeys 2012/04/25 v1.16 Key value parser (HO)

(/usr/local/texlive/2015/texmf-dist/tex/generic/oberdiek/etexcmds.sty
Package: etexcmds 2011/02/16 v1.5 Avoid name clashes with e-TeX commands (HO)
Package etexcmds Info: Could not find \expanded.
(etexcmds)             That can mean that you are not using pdfTeX 1.50 or
(etexcmds)             that some package has redefined \expanded.
(etexcmds)             In the latter case, load this package earlier.
)))
Package grfext Info: Graphics extension search list:
(grfext)             [.png,.pdf,.jpg,.mps,.jpeg,.jbig2,.jb2,.PNG,.PDF,.JPG,.JPE
G,.JBIG2,.JB2,.eps]
(grfext)             \AppendGraphicsExtensions on input line 452.

(/usr/local/texlive/2015/texmf-dist/tex/latex/latexconfig/epstopdf-sys.cfg
File: epstopdf-sys.cfg 2010/07/13 v1.3 Configuration of (r)epstopdf for TeX Liv
e
))
LaTeX Font Info:    Try loading font information for U+msa on input line 9.

(/usr/local/texlive/2015/texmf-dist/tex/latex/amsfonts/umsa.fd
File: umsa.fd 2013/01/14 v3.01 AMS symbols A
)
LaTeX Font Info:    Try loading font information for U+msb on input line 9.

(/usr/local/texlive/2015/texmf-dist/tex/latex/amsfonts/umsb.fd
File: umsb.fd 2013/01/14 v3.01 AMS symbols B
) [1

{/usr/local/texlive/2015/texmf-var/fonts/map/pdftex/updmap/pdftex.map}]
Package epstopdf Info: Source file: <workflow.eps>
(epstopdf)                    date: 2017-07-31 19:26:12
(epstopdf)                    size: 59615 bytes
(epstopdf)             Output file: <workflow-eps-converted-to.pdf>
(epstopdf)                    date: 2017-07-31 19:26:12
(epstopdf)                    size: 48181 bytes
(epstopdf)             Command: <repstopdf --outfile=workflow-eps-converted-to.
pdf workflow.eps>
(epstopdf)             \includegraphics on input line 100.
Package epstopdf Info: Output file is already uptodate.

<workflow-eps-converted-to.pdf, id=9, 1212.53pt x 509.905pt>
File: workflow-eps-converted-to.pdf Graphic file (type pdf)

<use workflow-eps-converted-to.pdf>
Package pdftex.def Info: workflow-eps-converted-to.pdf used on input line 100.
(pdftex.def)             Requested size: 429.28128pt x 180.52347pt.
 [2 <./workflow-eps-converted-to.pdf>]
Package epstopdf Info: Source file: <prr.eps>
(epstopdf)                    date: 2017-07-31 19:26:12
(epstopdf)                    size: 115565 bytes
(epstopdf)             Output file: <prr-eps-converted-to.pdf>
(epstopdf)                    date: 2017-07-31 19:26:12
(epstopdf)                    size: 31938 bytes
(epstopdf)             Command: <repstopdf --outfile=prr-eps-converted-to.pdf p
rr.eps>
(epstopdf)             \includegraphics on input line 160.
Package epstopdf Info: Output file is already uptodate.

<prr-eps-converted-to.pdf, id=19, 842.14626pt x 401.5pt>
File: prr-eps-converted-to.pdf Graphic file (type pdf)

<use prr-eps-converted-to.pdf>
Package pdftex.def Info: prr-eps-converted-to.pdf used on input line 160.
(pdftex.def)             Requested size: 333.88625pt x 159.18195pt.


LaTeX Warning: `h' float specifier changed to `ht'.

[3]
Package epstopdf Info: Source file: <drug_interactions.eps>
(epstopdf)                    date: 2017-08-01 16:52:31
(epstopdf)                    size: 24006 bytes
(epstopdf)             Output file: <drug_interactions-eps-converted-to.pdf>
(epstopdf)                    date: 2017-07-31 21:36:11
(epstopdf)                    size: 17461 bytes
(epstopdf)             Command: <repstopdf --outfile=drug_interactions-eps-conv
erted-to.pdf drug_interactions.eps>
(epstopdf)             \includegraphics on input line 215.
runsystem(repstopdf --outfile=drug_interactions-eps-converted-to.pdf drug_inter
actions.eps)...executed safely (allowed).

Package epstopdf Info: Result file: <drug_interactions-eps-converted-to.pdf>
(epstopdf)                    date: 2017-08-01 16:53:04
(epstopdf)                    size: 19503 bytes.
 <drug_interactions-eps-converted-to.pdf, id=24, 578.16pt x 397.485pt>
File: drug_interactions-eps-converted-to.pdf Graphic file (type pdf)

<use drug_interactions-eps-converted-to.pdf>
Package pdftex.def Info: drug_interactions-eps-converted-to.pdf used on input l
ine 215.
(pdftex.def)             Requested size: 404.70924pt x 278.2376pt.


LaTeX Warning: `h' float specifier changed to `ht'.

[4 <./prr-eps-converted-to.pdf>] [5 <./drug_interactions-eps-converted-to.pdf>]
Package epstopdf Info: Source file: <dag.eps>
(epstopdf)                    date: 2017-07-31 19:26:12
(epstopdf)                    size: 30800 bytes
(epstopdf)             Output file: <dag-eps-converted-to.pdf>
(epstopdf)                    date: 2017-07-31 19:26:12
(epstopdf)                    size: 14475 bytes
(epstopdf)             Command: <repstopdf --outfile=dag-eps-converted-to.pdf d
ag.eps>
(epstopdf)             \includegraphics on input line 271.
Package epstopdf Info: Output file is already uptodate.
<dag-eps-converted-to.pdf, id=73, 1112.155pt x 314.17375pt>
File: dag-eps-converted-to.pdf Graphic file (type pdf)

<use dag-eps-converted-to.pdf>
Package pdftex.def Info: dag-eps-converted-to.pdf used on input line 271.
(pdftex.def)             Requested size: 476.98244pt x 134.74211pt.
 [6 <./dag-eps-converted-to.pdf>]

LaTeX Warning: Citation `pordes2007open' on page  undefined on input line 328.


LaTeX Warning: Citation `sfiligoi2009pilot' on page  undefined on input line 32
8.

(./psb.bbl [7]) [8] (./psb.aux)

LaTeX Warning: There were undefined references.

 ) 
Here is how much of TeX's memory you used:
 3167 strings out of 493033
 40577 string characters out of 6134139
 106408 words of memory out of 5000000
 6634 multiletter control sequences out of 15000+600000
 12140 words of font info for 46 fonts, out of 8000000 for 9000
 1141 hyphenation exceptions out of 8191
 41i,6n,27p,573b,244s stack positions out of 5000i,500n,10000p,200000b,80000s
</usr/local/texlive/2015/texmf-dist/fonts/type1/public/amsfonts/cm/cmbx10.pfb
></usr/local/texlive/2015/texmf-dist/fonts/type1/public/amsfonts/cm/cmbx12.pfb>
</usr/local/texlive/2015/texmf-dist/fonts/type1/public/amsfonts/cm/cmbx8.pfb></
usr/local/texlive/2015/texmf-dist/fonts/type1/public/amsfonts/cm/cmbxti10.pfb><
/usr/local/texlive/2015/texmf-dist/fonts/type1/public/amsfonts/cm/cmcsc10.pfb><
/usr/local/texlive/2015/texmf-dist/fonts/type1/public/amsfonts/cm/cmmi10.pfb></
usr/local/texlive/2015/texmf-dist/fonts/type1/public/amsfonts/cm/cmr10.pfb></us
r/local/texlive/2015/texmf-dist/fonts/type1/public/amsfonts/cm/cmr12.pfb></usr/
local/texlive/2015/texmf-dist/fonts/type1/public/amsfonts/cm/cmr8.pfb></usr/loc
al/texlive/2015/texmf-dist/fonts/type1/public/amsfonts/cm/cmsy10.pfb></usr/loca
l/texlive/2015/texmf-dist/fonts/type1/public/amsfonts/cm/cmti10.pfb></usr/local
/texlive/2015/texmf-dist/fonts/type1/public/amsfonts/cm/cmti12.pfb>
Output written on psb.pdf (8 pages, 271398 bytes).
PDF statistics:
 135 PDF objects out of 1000 (max. 8388607)
 70 compressed objects within 1 object stream
 0 named destinations out of 1000 (max. 500000)
 21 words of extra memory for PDF output out of 10000 (max. 10000000)

